TN:
SF:src/cli/index.ts
FN:6,startWebServer
FN:15,(anonymous_1)
FN:21,(anonymous_2)
FN:29,parseArgs
FN:60,createTask
FN:84,updateTask
FN:147,main
FNF:7
FNH:0
FNDA:0,startWebServer
FNDA:0,(anonymous_1)
FNDA:0,(anonymous_2)
FNDA:0,parseArgs
FNDA:0,createTask
FNDA:0,updateTask
FNDA:0,main
DA:3,0
DA:4,0
DA:7,0
DA:9,0
DA:10,0
DA:15,0
DA:16,0
DA:17,0
DA:18,0
DA:21,0
DA:22,0
DA:23,0
DA:24,0
DA:30,0
DA:31,0
DA:34,0
DA:36,0
DA:37,0
DA:38,0
DA:39,0
DA:40,0
DA:41,0
DA:43,0
DA:44,0
DA:45,0
DA:46,0
DA:47,0
DA:48,0
DA:49,0
DA:50,0
DA:51,0
DA:52,0
DA:53,0
DA:57,0
DA:61,0
DA:62,0
DA:63,0
DA:64,0
DA:67,0
DA:68,0
DA:71,0
DA:73,0
DA:74,0
DA:76,0
DA:77,0
DA:79,0
DA:80,0
DA:85,0
DA:86,0
DA:87,0
DA:88,0
DA:91,0
DA:92,0
DA:93,0
DA:96,0
DA:97,0
DA:98,0
DA:99,0
DA:102,0
DA:103,0
DA:106,0
DA:107,0
DA:108,0
DA:109,0
DA:110,0
DA:111,0
DA:112,0
DA:113,0
DA:114,0
DA:115,0
DA:116,0
DA:117,0
DA:118,0
DA:119,0
DA:123,0
DA:124,0
DA:125,0
DA:128,0
DA:129,0
DA:130,0
DA:131,0
DA:134,0
DA:136,0
DA:137,0
DA:138,0
DA:139,0
DA:142,0
DA:143,0
DA:148,0
DA:151,0
DA:152,0
DA:153,0
DA:157,0
DA:159,0
DA:160,0
DA:162,0
DA:163,0
DA:165,0
DA:166,0
DA:168,0
DA:198,0
DA:200,0
DA:201,0
DA:202,0
DA:206,0
LF:105
LH:0
BRDA:22,0,0,0
BRDA:22,0,1,0
BRDA:24,1,0,0
BRDA:24,1,1,0
BRDA:37,2,0,0
BRDA:37,2,1,0
BRDA:37,3,0,0
BRDA:37,3,1,0
BRDA:39,4,0,0
BRDA:39,4,1,0
BRDA:39,5,0,0
BRDA:39,5,1,0
BRDA:39,5,2,0
BRDA:45,6,0,0
BRDA:45,6,1,0
BRDA:45,7,0,0
BRDA:45,7,1,0
BRDA:45,7,2,0
BRDA:48,8,0,0
BRDA:48,8,1,0
BRDA:48,9,0,0
BRDA:48,9,1,0
BRDA:50,10,0,0
BRDA:50,10,1,0
BRDA:50,11,0,0
BRDA:50,11,1,0
BRDA:52,12,0,0
BRDA:52,12,1,0
BRDA:61,13,0,0
BRDA:61,13,1,0
BRDA:62,14,0,0
BRDA:62,14,1,0
BRDA:71,15,0,0
BRDA:71,15,1,0
BRDA:85,16,0,0
BRDA:85,16,1,0
BRDA:86,17,0,0
BRDA:86,17,1,0
BRDA:91,18,0,0
BRDA:91,18,1,0
BRDA:97,19,0,0
BRDA:97,19,1,0
BRDA:108,20,0,0
BRDA:108,20,1,0
BRDA:108,21,0,0
BRDA:108,21,1,0
BRDA:111,22,0,0
BRDA:111,22,1,0
BRDA:111,23,0,0
BRDA:111,23,1,0
BRDA:114,24,0,0
BRDA:114,24,1,0
BRDA:114,25,0,0
BRDA:114,25,1,0
BRDA:117,26,0,0
BRDA:117,26,1,0
BRDA:117,27,0,0
BRDA:117,27,1,0
BRDA:123,28,0,0
BRDA:123,28,1,0
BRDA:129,29,0,0
BRDA:129,29,1,0
BRDA:138,30,0,0
BRDA:138,30,1,0
BRDA:151,31,0,0
BRDA:151,31,1,0
BRDA:157,32,0,0
BRDA:157,32,1,0
BRDA:157,32,2,0
BRDA:157,32,3,0
BRDA:157,32,4,0
BRF:71
BRH:0
end_of_record
TN:
SF:src/core/boardUtils.ts
FN:7,findBoardFile
FN:12,(anonymous_10)
FN:12,(anonymous_11)
FN:24,loadBoard
FN:64,saveBoard
FN:78,addTaskToBoard
FN:101,updateTaskInBoard
FNF:7
FNH:7
FNDA:6,findBoardFile
FNDA:7,(anonymous_10)
FNDA:7,(anonymous_11)
FNDA:13,loadBoard
FNDA:2,saveBoard
FNDA:6,addTaskToBoard
FNDA:9,updateTaskInBoard
DA:1,2
DA:2,2
DA:3,2
DA:5,2
DA:7,2
DA:8,6
DA:9,6
DA:12,7
DA:15,6
DA:16,12
DA:17,5
DA:21,1
DA:24,2
DA:25,13
DA:26,13
DA:27,12
DA:30,11
DA:36,11
DA:43,11
DA:58,11
DA:60,2
DA:64,2
DA:65,2
DA:66,2
DA:67,2
DA:72,2
DA:74,1
DA:78,2
DA:79,6
DA:80,6
DA:95,6
DA:96,6
DA:98,6
DA:101,2
DA:102,9
DA:103,9
DA:104,1
DA:107,8
DA:108,8
DA:111,8
DA:114,8
DA:127,8
DA:128,8
LF:43
LH:43
BRDA:16,0,0,5
BRDA:16,0,1,7
BRDA:45,1,0,11
BRDA:45,1,1,1
BRDA:46,2,0,11
BRDA:46,2,1,2
BRDA:47,3,0,11
BRDA:47,3,1,2
BRDA:49,4,0,11
BRDA:49,4,1,1
BRDA:51,5,0,11
BRDA:51,5,1,2
BRDA:52,6,0,11
BRDA:52,6,1,2
BRDA:53,7,0,11
BRDA:53,7,1,2
BRDA:54,8,0,11
BRDA:54,8,1,2
BRDA:82,9,0,6
BRDA:82,9,1,1
BRDA:83,10,0,6
BRDA:83,10,1,5
BRDA:84,11,0,6
BRDA:84,11,1,5
BRDA:84,11,2,1
BRDA:89,12,0,6
BRDA:89,12,1,6
BRDA:90,13,0,6
BRDA:90,13,1,6
BRDA:103,14,0,1
BRDA:103,14,1,8
BRDA:108,15,0,8
BRDA:108,15,1,4
BRDA:121,16,0,1
BRDA:121,16,1,7
BRDA:123,17,0,2
BRDA:123,17,1,5
BRF:37
BRH:37
end_of_record
TN:
SF:src/core/taskUtils.ts
FN:3,createTask
FNF:1
FNH:1
FNDA:6,createTask
DA:3,1
DA:4,6
DA:6,6
LF:3
LH:3
BRDA:8,0,0,6
BRDA:8,0,1,1
BRDA:9,1,0,6
BRDA:9,1,1,5
BRDA:10,2,0,6
BRDA:10,2,1,4
BRDA:15,3,0,6
BRDA:15,3,1,5
BRDA:16,4,0,6
BRDA:16,4,1,5
BRF:10
BRH:10
end_of_record
