TN:
SF:src/cli/index.ts
FN:6,parseArgs
FN:37,createTask
FN:61,updateTask
FN:124,main
FNF:4
FNH:0
FNDA:0,parseArgs
FNDA:0,createTask
FNDA:0,updateTask
FNDA:0,main
DA:3,0
DA:4,0
DA:7,0
DA:8,0
DA:11,0
DA:13,0
DA:14,0
DA:15,0
DA:16,0
DA:17,0
DA:18,0
DA:20,0
DA:21,0
DA:22,0
DA:23,0
DA:24,0
DA:25,0
DA:26,0
DA:27,0
DA:28,0
DA:29,0
DA:30,0
DA:34,0
DA:38,0
DA:39,0
DA:40,0
DA:41,0
DA:44,0
DA:45,0
DA:48,0
DA:50,0
DA:51,0
DA:53,0
DA:54,0
DA:56,0
DA:57,0
DA:62,0
DA:63,0
DA:64,0
DA:65,0
DA:68,0
DA:69,0
DA:70,0
DA:73,0
DA:74,0
DA:75,0
DA:76,0
DA:79,0
DA:80,0
DA:83,0
DA:84,0
DA:85,0
DA:86,0
DA:87,0
DA:88,0
DA:89,0
DA:90,0
DA:91,0
DA:92,0
DA:93,0
DA:94,0
DA:95,0
DA:96,0
DA:100,0
DA:101,0
DA:102,0
DA:105,0
DA:106,0
DA:107,0
DA:108,0
DA:111,0
DA:113,0
DA:114,0
DA:115,0
DA:116,0
DA:119,0
DA:120,0
DA:125,0
DA:128,0
DA:129,0
DA:130,0
DA:134,0
DA:136,0
DA:137,0
DA:139,0
DA:140,0
DA:142,0
DA:143,0
DA:145,0
DA:175,0
DA:177,0
DA:178,0
DA:179,0
DA:183,0
LF:94
LH:0
BRDA:14,0,0,0
BRDA:14,0,1,0
BRDA:14,1,0,0
BRDA:14,1,1,0
BRDA:16,2,0,0
BRDA:16,2,1,0
BRDA:16,3,0,0
BRDA:16,3,1,0
BRDA:16,3,2,0
BRDA:22,4,0,0
BRDA:22,4,1,0
BRDA:22,5,0,0
BRDA:22,5,1,0
BRDA:22,5,2,0
BRDA:25,6,0,0
BRDA:25,6,1,0
BRDA:25,7,0,0
BRDA:25,7,1,0
BRDA:27,8,0,0
BRDA:27,8,1,0
BRDA:27,9,0,0
BRDA:27,9,1,0
BRDA:29,10,0,0
BRDA:29,10,1,0
BRDA:38,11,0,0
BRDA:38,11,1,0
BRDA:39,12,0,0
BRDA:39,12,1,0
BRDA:48,13,0,0
BRDA:48,13,1,0
BRDA:62,14,0,0
BRDA:62,14,1,0
BRDA:63,15,0,0
BRDA:63,15,1,0
BRDA:68,16,0,0
BRDA:68,16,1,0
BRDA:74,17,0,0
BRDA:74,17,1,0
BRDA:85,18,0,0
BRDA:85,18,1,0
BRDA:85,19,0,0
BRDA:85,19,1,0
BRDA:88,20,0,0
BRDA:88,20,1,0
BRDA:88,21,0,0
BRDA:88,21,1,0
BRDA:91,22,0,0
BRDA:91,22,1,0
BRDA:91,23,0,0
BRDA:91,23,1,0
BRDA:94,24,0,0
BRDA:94,24,1,0
BRDA:94,25,0,0
BRDA:94,25,1,0
BRDA:100,26,0,0
BRDA:100,26,1,0
BRDA:106,27,0,0
BRDA:106,27,1,0
BRDA:115,28,0,0
BRDA:115,28,1,0
BRDA:128,29,0,0
BRDA:128,29,1,0
BRDA:134,30,0,0
BRDA:134,30,1,0
BRDA:134,30,2,0
BRDA:134,30,3,0
BRDA:134,30,4,0
BRF:67
BRH:0
end_of_record
TN:
SF:src/core/boardUtils.ts
FN:7,findBoardFile
FN:12,(anonymous_10)
FN:12,(anonymous_11)
FN:24,loadBoard
FN:64,saveBoard
FN:78,addTaskToBoard
FN:101,updateTaskInBoard
FNF:7
FNH:7
FNDA:6,findBoardFile
FNDA:7,(anonymous_10)
FNDA:7,(anonymous_11)
FNDA:13,loadBoard
FNDA:2,saveBoard
FNDA:6,addTaskToBoard
FNDA:9,updateTaskInBoard
DA:1,2
DA:2,2
DA:3,2
DA:5,2
DA:7,2
DA:8,6
DA:9,6
DA:12,7
DA:15,6
DA:16,12
DA:17,5
DA:21,1
DA:24,2
DA:25,13
DA:26,13
DA:27,12
DA:30,11
DA:36,11
DA:43,11
DA:58,11
DA:60,2
DA:64,2
DA:65,2
DA:66,2
DA:67,2
DA:72,2
DA:74,1
DA:78,2
DA:79,6
DA:80,6
DA:95,6
DA:96,6
DA:98,6
DA:101,2
DA:102,9
DA:103,9
DA:104,1
DA:107,8
DA:108,8
DA:111,8
DA:114,8
DA:127,8
DA:128,8
LF:43
LH:43
BRDA:16,0,0,5
BRDA:16,0,1,7
BRDA:45,1,0,11
BRDA:45,1,1,1
BRDA:46,2,0,11
BRDA:46,2,1,2
BRDA:47,3,0,11
BRDA:47,3,1,2
BRDA:49,4,0,11
BRDA:49,4,1,1
BRDA:51,5,0,11
BRDA:51,5,1,2
BRDA:52,6,0,11
BRDA:52,6,1,2
BRDA:53,7,0,11
BRDA:53,7,1,2
BRDA:54,8,0,11
BRDA:54,8,1,2
BRDA:82,9,0,6
BRDA:82,9,1,1
BRDA:83,10,0,6
BRDA:83,10,1,5
BRDA:84,11,0,6
BRDA:84,11,1,5
BRDA:84,11,2,1
BRDA:89,12,0,6
BRDA:89,12,1,6
BRDA:90,13,0,6
BRDA:90,13,1,6
BRDA:103,14,0,1
BRDA:103,14,1,8
BRDA:108,15,0,8
BRDA:108,15,1,4
BRDA:121,16,0,1
BRDA:121,16,1,7
BRDA:123,17,0,2
BRDA:123,17,1,5
BRF:37
BRH:37
end_of_record
TN:
SF:src/core/taskUtils.ts
FN:3,createTask
FNF:1
FNH:1
FNDA:6,createTask
DA:3,1
DA:4,6
DA:6,6
LF:3
LH:3
BRDA:8,0,0,6
BRDA:8,0,1,1
BRDA:9,1,0,6
BRDA:9,1,1,5
BRDA:10,2,0,6
BRDA:10,2,1,4
BRDA:15,3,0,6
BRDA:15,3,1,5
BRDA:16,4,0,6
BRDA:16,4,1,5
BRF:10
BRH:10
end_of_record
TN:
SF:src/server/index.ts
FN:3,startServer
FN:6,(anonymous_2)
FN:24,(anonymous_3)
FNF:3
FNH:0
FNDA:0,startServer
FNDA:0,(anonymous_2)
FNDA:0,(anonymous_3)
DA:1,0
DA:3,0
DA:4,0
DA:6,0
DA:7,0
DA:24,0
DA:25,0
LF:7
LH:0
BRDA:3,0,0,0
BRF:1
BRH:0
end_of_record
